2018-03-03 22:21:17,663 INFO [default] Parsed 16154803 as 0x1ba5890
2018-03-03 22:22:16,284 INFO [default] Parsed 16154803 as 0x1b43890
2018-03-03 22:27:20,291 INFO [default] Parsed 16154803 as 0x177a9b0
2018-03-03 22:30:14,029 INFO [default] Parsed 16154803 as 0x7839b0
2018-03-03 22:31:35,258 INFO [default] Parsed 16154803 as 0x1c409b0
2018-03-03 22:41:22,542 INFO [default] Parsed 16154803 as 0xec09b0
2018-03-03 22:50:07,275 INFO [default] Parsed 1081279923 as 0x24dc9b0
2018-03-03 22:54:18,298 INFO [default] Parsed 1081279923 as 0x2217910
2018-03-03 22:54:18,298 INFO [default] Parsed 8524083 as 0x2217660
2018-03-03 22:54:18,298 INFO [default] Parsed 5482035 as 0x22171c0
2018-03-03 22:54:18,298 INFO [default] Parsed 9779251 as 0x2215860
2018-03-03 22:54:18,298 INFO [default] Parsed 4670643 as 0x2215880
2018-03-03 22:54:18,298 INFO [default] Parsed 3362995 as 0x2217250
2018-03-03 22:54:18,298 INFO [default] Parsed 1089884595 as 0x2217270
2018-03-03 22:54:18,298 INFO [default] Parsed 3662131 as 0x2217290
2018-03-03 22:54:18,298 INFO [default] Parsed 10942387 as 0x2217370
2018-03-03 22:54:18,298 INFO [default] Parsed 11796795 as 0x2217390
2018-03-03 22:54:18,298 INFO [default] Parsed 1088717883 as 0x22173b0
2018-03-03 22:54:18,298 INFO [default] Parsed 2265531 as 0x22175b0
2018-03-03 22:54:18,298 INFO [default] Parsed 7558459 as 0x22175d0
2018-03-03 22:54:18,298 INFO [default] Parsed 1083330875 as 0x22175f0
2018-03-03 22:55:13,000 INFO [default] Parsed 1081279923 as SUB x11, x6, x7
2018-03-03 22:55:13,000 INFO [default] Parsed 8524083 as SLL x2, x4, x8
2018-03-03 22:55:13,000 INFO [default] Parsed 5482035 as SLT x12, x7, x5
2018-03-03 22:55:13,000 INFO [default] Parsed 9779251 as SLTU x16, x10, x9
2018-03-03 22:55:13,000 INFO [default] Parsed 4670643 as XOR x9, x14, x4
2018-03-03 22:55:13,000 INFO [default] Parsed 3362995 as SRL x1, x6, x3
2018-03-03 22:55:13,001 INFO [default] Parsed 1089884595 as SRA x3, x12, x15
2018-03-03 22:55:13,001 INFO [default] Parsed 3662131 as OR x2, x15, x3
2018-03-03 22:55:13,001 INFO [default] Parsed 10942387 as AND x15, x13, x10
2018-03-03 22:55:13,001 INFO [default] Parsed 11796795 as ADDW x2, x8, x11
2018-03-03 22:55:13,001 INFO [default] Parsed 1088717883 as SUBW x8, x9, x14
2018-03-03 22:55:13,001 INFO [default] Parsed 2265531 as SLLW x3, x5, x2
2018-03-03 22:55:13,001 INFO [default] Parsed 7558459 as SRLW x10, x6, x7
2018-03-03 22:55:13,001 INFO [default] Parsed 1083330875 as SRAW x2, x4, x9
